  Cleaning TestProjectEditor and UnrealHeaderTool binaries...
  Using 'git status' to determine working set for adaptive non-unity build (C:\Users\dongh\Documents\RecessiveGene).
  Creating makefile for TestProjectEditor (no existing makefile)
  Parsing headers for TestProjectEditor
    Running UnrealHeaderTool "C:\Users\dongh\Documents\RecessiveGene\TestProject\TestProject.uproject" "C:\Users\dongh\Documents\RecessiveGene\TestProject\Intermediate\Build\Win64\TestProjectEditor\Development\TestProjectEditor.uhtmanifest" -LogCmds="loginit warning, logexit warning, logdatabase error" -Unattended -WarningsAsErrors -abslog="C:\Users\dongh\AppData\Local\UnrealBuildTool\Log_UHT.txt" -installed
  LogInit: Display: Loading text-based GConfig....
  Reflection code generated for TestProjectEditor in 4.0239748 seconds
  Building TestProjectEditor...
  Using Visual Studio 2019 14.29.30133 toolchain (C:\Program Files (x86)\Microsoft Visual Studio\2019\Community\VC\Tools\MSVC\14.29.30133) and Windows 10.0.16299.0 SDK (C:\Program Files (x86)\Windows Kits\10).
  Building 9 actions with 8 processes...
    [1/9] Default.rc2
    [2/9] SharedPCH.Engine.ShadowErrors.cpp
    [3/9] CollisionTestActor.cpp
C:\Users\dongh\Documents\RecessiveGene\TestProject\Source\TestProject\Private\CollisionTestActor.cpp(28): error C3688: 잘못된 리터럴 접두사 'f'입니다. 리터럴 연산자 또는 리터럴 연산자 템플릿 '연산자 ""f'을(를) 찾을 수 없습니다.
C:\Users\dongh\Documents\RecessiveGene\TestProject\Source\TestProject\Private\CollisionTestActor.cpp(28): error C2440: '<function-style-cast>': 'initializer list'에서 'FRotator'(으)로 변환할 수 없습니다.
    C:\Users\dongh\Documents\RecessiveGene\TestProject\Source\TestProject\Private\CollisionTestActor.cpp(28): note: 소스 형식을 가져올 수 있는 생성자가 없거나 생성자 오버로드 확인이 모호합니다.
    [4/9] TestProject.cpp
    [5/9] TestProject.init.gen.cpp
    [6/9] CollisionTestActor.gen.cpp
C:\Program Files (x86)\Microsoft Visual Studio\2019\Community\MSBuild\Microsoft\VC\v160\Microsoft.MakeFile.Targets(51,5): error MSB3073: ""C:\Program Files\Epic Games\UE_4.27\Engine\Build\BatchFiles\Rebuild.bat" TestProjectEditor Win64 Development -Project="C:\Users\dongh\Documents\RecessiveGene\TestProject\TestProject.uproject" -WaitMutex -FromMsBuild" 명령이 종료되었습니다(코드: -1).
